# JRE version: OpenJDK Runtime Environment Temurin-21.0.10+7 (21.0.10+7) (build 21.0.10+7-LTS)
# Java VM: OpenJDK 64-Bit Server VM Temurin-21.0.10+7 (21.0.10+7-LTS, mixed mode, sharing, tiered, compressed oops, compressed class ptrs, g1 gc, windows-amd64)
GC Precious Log:
 CardTable entry size: 512
 Card Set container configuration: InlinePtr #cards 5 size 8 Array Of Cards #cards 12 size 40 Howl #buckets 4 coarsen threshold 1843 Howl Bitmap #cards 512 size 80 coarsen threshold 460 Card regions per heap region 1 cards per card region 2048
 CPUs: 20 total, 20 available
 Memory: 16002M
 Large Page Support: Disabled
 NUMA Support: Disabled
 Compressed Oops: Enabled (32-bit)
 Heap Region Size: 1M
 Heap Min Capacity: 8M
 Heap Initial Capacity: 252M
 Heap Max Capacity: 2G
 Pre-touch: Disabled
 Parallel Workers: 15
 Concurrent Workers: 4
 Concurrent Refinement Workers: 15
 Periodic GC: Disabled
Heap:
 garbage-first heap   total 204800K, used 159916K [0x0000000080000000, 0x0000000100000000)
  region size 1024K, 46 young (47104K), 7 survivors (7168K)
 Metaspace       used 97334K, committed 99520K, reserved 770048K
  class space    used 13691K, committed 14784K, reserved 638976K
GC Heap History (20 events):
Event: 20.444 GC heap before
{Heap before GC invocations=21 (full 0):
 garbage-first heap   total 130048K, used 114380K [0x0000000080000000, 0x0000000100000000)
  region size 1024K, 40 young (40960K), 6 survivors (6144K)
 Metaspace       used 79119K, committed 81216K, reserved 770048K
  class space    used 11426K, committed 12480K, reserved 638976K
}
Event: 20.447 GC heap after
{Heap after GC invocations=22 (full 0):
 garbage-first heap   total 130048K, used 81847K [0x0000000080000000, 0x0000000100000000)
  region size 1024K, 4 young (4096K), 4 survivors (4096K)
 Metaspace       used 79119K, committed 81216K, reserved 770048K
  class space    used 11426K, committed 12480K, reserved 638976K
}
Event: 21.930 GC heap before
{Heap before GC invocations=23 (full 0):
 garbage-first heap   total 138240K, used 115639K [0x0000000080000000, 0x0000000100000000)
  region size 1024K, 38 young (38912K), 4 survivors (4096K)
 Metaspace       used 79126K, committed 81216K, reserved 770048K
  class space    used 11426K, committed 12480K, reserved 638976K
}
Event: 21.932 GC heap after
{Heap after GC invocations=24 (full 0):
 garbage-first heap   total 138240K, used 83145K [0x0000000080000000, 0x0000000100000000)
  region size 1024K, 4 young (4096K), 4 survivors (4096K)
 Metaspace       used 79126K, committed 81216K, reserved 770048K
  class space    used 11426K, committed 12480K, reserved 638976K
}
Event: 23.710 GC heap before
{Heap before GC invocations=24 (full 0):
 garbage-first heap   total 138240K, used 123081K [0x0000000080000000, 0x0000000100000000)
  region size 1024K, 44 young (45056K), 4 survivors (4096K)
 Metaspace       used 79130K, committed 81216K, reserved 770048K
  class space    used 11426K, committed 12480K, reserved 638976K
}
Event: 23.713 GC heap after
{Heap after GC invocations=25 (full 0):
 garbage-first heap   total 138240K, used 83034K [0x0000000080000000, 0x0000000100000000)
  region size 1024K, 4 young (4096K), 4 survivors (4096K)
 Metaspace       used 79130K, committed 81216K, reserved 770048K
  class space    used 11426K, committed 12480K, reserved 638976K
}
Event: 24.997 GC heap before
{Heap before GC invocations=25 (full 0):
 garbage-first heap   total 138240K, used 118874K [0x0000000080000000, 0x0000000100000000)
  region size 1024K, 40 young (40960K), 4 survivors (4096K)
 Metaspace       used 79970K, committed 82048K, reserved 770048K
  class space    used 11525K, committed 12544K, reserved 638976K
}
Event: 24.999 GC heap after
{Heap after GC invocations=26 (full 0):
 garbage-first heap   total 138240K, used 84667K [0x0000000080000000, 0x0000000100000000)
  region size 1024K, 5 young (5120K), 5 survivors (5120K)
 Metaspace       used 79970K, committed 82048K, reserved 770048K
  class space    used 11525K, committed 12544K, reserved 638976K
}
Event: 42.029 GC heap before
{Heap before GC invocations=27 (full 0):
 garbage-first heap   total 145408K, used 134843K [0x0000000080000000, 0x0000000100000000)
  region size 1024K, 44 young (45056K), 5 survivors (5120K)
 Metaspace       used 81543K, committed 83712K, reserved 770048K
  class space    used 11722K, committed 12800K, reserved 638976K
}
Event: 42.044 GC heap after
{Heap after GC invocations=28 (full 0):
 garbage-first heap   total 181248K, used 103949K [0x0000000080000000, 0x0000000100000000)
  region size 1024K, 6 young (6144K), 6 survivors (6144K)
 Metaspace       used 81543K, committed 83712K, reserved 770048K
  class space    used 11722K, committed 12800K, reserved 638976K
}
Event: 43.684 GC heap before
{Heap before GC invocations=28 (full 0):
 garbage-first heap   total 181248K, used 152077K [0x0000000080000000, 0x0000000100000000)
  region size 1024K, 54 young (55296K), 6 survivors (6144K)
 Metaspace       used 85799K, committed 87936K, reserved 770048K
  class space    used 12217K, committed 13312K, reserved 638976K
}
Event: 43.696 GC heap after
{Heap after GC invocations=29 (full 0):
 garbage-first heap   total 181248K, used 105047K [0x0000000080000000, 0x0000000100000000)
  region size 1024K, 3 young (3072K), 3 survivors (3072K)
 Metaspace       used 85799K, committed 87936K, reserved 770048K
  class space    used 12217K, committed 13312K, reserved 638976K
}
Event: 43.838 GC heap before
{Heap before GC invocations=29 (full 0):
 garbage-first heap   total 181248K, used 107095K [0x0000000080000000, 0x0000000100000000)
  region size 1024K, 7 young (7168K), 3 survivors (3072K)
 Metaspace       used 85958K, committed 88064K, reserved 770048K
  class space    used 12235K, committed 13312K, reserved 638976K
}
Event: 43.845 GC heap after
{Heap after GC invocations=30 (full 0):
 garbage-first heap   total 181248K, used 105912K [0x0000000080000000, 0x0000000100000000)
  region size 1024K, 3 young (3072K), 3 survivors (3072K)
 Metaspace       used 85958K, committed 88064K, reserved 770048K
  class space    used 12235K, committed 13312K, reserved 638976K
}
Event: 45.163 GC heap before
{Heap before GC invocations=31 (full 0):
 garbage-first heap   total 184320K, used 161208K [0x0000000080000000, 0x0000000100000000)
  region size 1024K, 52 young (53248K), 3 survivors (3072K)
 Metaspace       used 88805K, committed 90944K, reserved 770048K
  class space    used 12613K, committed 13696K, reserved 638976K
}
Event: 45.173 GC heap after
{Heap after GC invocations=32 (full 0):
 garbage-first heap   total 184320K, used 111165K [0x0000000080000000, 0x0000000100000000)
  region size 1024K, 7 young (7168K), 7 survivors (7168K)
 Metaspace       used 88805K, committed 90944K, reserved 770048K
  class space    used 12613K, committed 13696K, reserved 638976K
}
Event: 46.933 GC heap before
{Heap before GC invocations=32 (full 0):
 garbage-first heap   total 184320K, used 161341K [0x0000000080000000, 0x0000000100000000)
  region size 1024K, 56 young (57344K), 7 survivors (7168K)
 Metaspace       used 92791K, committed 94976K, reserved 770048K
  class space    used 13145K, committed 14208K, reserved 638976K
}
Event: 46.944 GC heap after
{Heap after GC invocations=33 (full 0):
 garbage-first heap   total 184320K, used 112126K [0x0000000080000000, 0x0000000100000000)
  region size 1024K, 3 young (3072K), 3 survivors (3072K)
 Metaspace       used 92791K, committed 94976K, reserved 770048K
  class space    used 13145K, committed 14208K, reserved 638976K
}
Event: 48.664 GC heap before
{Heap before GC invocations=33 (full 0):
 garbage-first heap   total 184320K, used 159230K [0x0000000080000000, 0x0000000100000000)
  region size 1024K, 51 young (52224K), 3 survivors (3072K)
 Metaspace       used 95703K, committed 97920K, reserved 770048K
  class space    used 13554K, committed 14656K, reserved 638976K
}
Event: 48.677 GC heap after
{Heap after GC invocations=34 (full 0):
 garbage-first heap   total 184320K, used 115884K [0x0000000080000000, 0x0000000100000000)
  region size 1024K, 7 young (7168K), 7 survivors (7168K)
 Metaspace       used 95703K, committed 97920K, reserved 770048K
  class space    used 13554K, committed 14656K, reserved 638976K
}

