# JRE version: OpenJDK Runtime Environment Temurin-21.0.10+7 (21.0.10+7) (build 21.0.10+7-LTS)
# Java VM: OpenJDK 64-Bit Server VM Temurin-21.0.10+7 (21.0.10+7-LTS, mixed mode, sharing, tiered, compressed oops, compressed class ptrs, parallel gc, windows-amd64)
GC Precious Log:
 CardTable entry size: 512
 CPUs: 20 total, 20 available
 Memory: 16002M
 Large Page Support: Disabled
 NUMA Support: Disabled
 Compressed Oops: Enabled (32-bit)
 Alignments: Space 512K, Generation 512K, Heap 2M
 Heap Min Capacity: 100M
 Heap Initial Capacity: 100M
 Heap Max Capacity: 2G
 Pre-touch: Disabled
 Parallel Workers: 15
Heap:
 PSYoungGen      total 18944K, used 11411K [0x00000000d5580000, 0x00000000d6c00000, 0x0000000100000000)
  eden space 18432K, 61% used [0x00000000d5580000,0x00000000d60a4e80,0x00000000d6780000)
  from space 512K, 0% used [0x00000000d6780000,0x00000000d6780000,0x00000000d6800000)
  to   space 1536K, 0% used [0x00000000d6a80000,0x00000000d6a80000,0x00000000d6c00000)
 ParOldGen       total 68608K, used 24015K [0x0000000080000000, 0x0000000084300000, 0x00000000d5580000)
  object space 68608K, 35% used [0x0000000080000000,0x0000000081773d70,0x0000000084300000)
 Metaspace       used 35935K, committed 37056K, reserved 1114112K
  class space    used 3756K, committed 4224K, reserved 1048576K
GC Heap History (20 events):
Event: 18.256 GC heap before
{Heap before GC invocations=8 (full 0):
 PSYoungGen      total 25600K, used 19749K [0x00000000d5580000, 0x00000000d7680000, 0x0000000100000000)
  eden space 20480K, 73% used [0x00000000d5580000,0x00000000d643a068,0x00000000d6980000)
  from space 5120K, 91% used [0x00000000d6980000,0x00000000d6e0f410,0x00000000d6e80000)
  to   space 6656K, 0% used [0x00000000d7000000,0x00000000d7000000,0x00000000d7680000)
 ParOldGen       total 68608K, used 13294K [0x0000000080000000, 0x0000000084300000, 0x00000000d5580000)
  object space 68608K, 19% used [0x0000000080000000,0x0000000080cfbb88,0x0000000084300000)
 Metaspace       used 20661K, committed 21504K, reserved 1114112K
  class space    used 2164K, committed 2560K, reserved 1048576K
}
Event: 18.258 GC heap after
{Heap after GC invocations=8 (full 0):
 PSYoungGen      total 25600K, used 4610K [0x00000000d5580000, 0x00000000d7500000, 0x0000000100000000)
  eden space 20480K, 0% used [0x00000000d5580000,0x00000000d5580000,0x00000000d6980000)
  from space 5120K, 90% used [0x00000000d7000000,0x00000000d7480aa0,0x00000000d7500000)
  to   space 5120K, 0% used [0x00000000d6980000,0x00000000d6980000,0x00000000d6e80000)
 ParOldGen       total 68608K, used 14159K [0x0000000080000000, 0x0000000084300000, 0x00000000d5580000)
  object space 68608K, 20% used [0x0000000080000000,0x0000000080dd3d30,0x0000000084300000)
 Metaspace       used 20661K, committed 21504K, reserved 1114112K
  class space    used 2164K, committed 2560K, reserved 1048576K
}
Event: 18.258 GC heap before
{Heap before GC invocations=9 (full 1):
 PSYoungGen      total 25600K, used 4610K [0x00000000d5580000, 0x00000000d7500000, 0x0000000100000000)
  eden space 20480K, 0% used [0x00000000d5580000,0x00000000d5580000,0x00000000d6980000)
  from space 5120K, 90% used [0x00000000d7000000,0x00000000d7480aa0,0x00000000d7500000)
  to   space 5120K, 0% used [0x00000000d6980000,0x00000000d6980000,0x00000000d6e80000)
 ParOldGen       total 68608K, used 14159K [0x0000000080000000, 0x0000000084300000, 0x00000000d5580000)
  object space 68608K, 20% used [0x0000000080000000,0x0000000080dd3d30,0x0000000084300000)
 Metaspace       used 20661K, committed 21504K, reserved 1114112K
  class space    used 2164K, committed 2560K, reserved 1048576K
}
Event: 18.280 GC heap after
{Heap after GC invocations=9 (full 1):
 PSYoungGen      total 25600K, used 0K [0x00000000d5580000, 0x00000000d7500000, 0x0000000100000000)
  eden space 20480K, 0% used [0x00000000d5580000,0x00000000d5580000,0x00000000d6980000)
  from space 5120K, 0% used [0x00000000d7000000,0x00000000d7000000,0x00000000d7500000)
  to   space 5120K, 0% used [0x00000000d6980000,0x00000000d6980000,0x00000000d6e80000)
 ParOldGen       total 68608K, used 18001K [0x0000000080000000, 0x0000000084300000, 0x00000000d5580000)
  object space 68608K, 26% used [0x0000000080000000,0x0000000081194668,0x0000000084300000)
 Metaspace       used 20648K, committed 21504K, reserved 1114112K
  class space    used 2160K, committed 2560K, reserved 1048576K
}
Event: 18.393 GC heap before
{Heap before GC invocations=10 (full 1):
 PSYoungGen      total 25600K, used 20480K [0x00000000d5580000, 0x00000000d7500000, 0x0000000100000000)
  eden space 20480K, 100% used [0x00000000d5580000,0x00000000d6980000,0x00000000d6980000)
  from space 5120K, 0% used [0x00000000d7000000,0x00000000d7000000,0x00000000d7500000)
  to   space 5120K, 0% used [0x00000000d6980000,0x00000000d6980000,0x00000000d6e80000)
 ParOldGen       total 68608K, used 18001K [0x0000000080000000, 0x0000000084300000, 0x00000000d5580000)
  object space 68608K, 26% used [0x0000000080000000,0x0000000081194668,0x0000000084300000)
 Metaspace       used 22312K, committed 23104K, reserved 1114112K
  class space    used 2296K, committed 2624K, reserved 1048576K
}
Event: 18.394 GC heap after
{Heap after GC invocations=10 (full 1):
 PSYoungGen      total 23040K, used 2413K [0x00000000d5580000, 0x00000000d7080000, 0x0000000100000000)
  eden space 20480K, 0% used [0x00000000d5580000,0x00000000d5580000,0x00000000d6980000)
  from space 2560K, 94% used [0x00000000d6980000,0x00000000d6bdb400,0x00000000d6c00000)
  to   space 3584K, 0% used [0x00000000d6d00000,0x00000000d6d00000,0x00000000d7080000)
 ParOldGen       total 68608K, used 18009K [0x0000000080000000, 0x0000000084300000, 0x00000000d5580000)
  object space 68608K, 26% used [0x0000000080000000,0x0000000081196668,0x0000000084300000)
 Metaspace       used 22312K, committed 23104K, reserved 1114112K
  class space    used 2296K, committed 2624K, reserved 1048576K
}
Event: 18.528 GC heap before
{Heap before GC invocations=11 (full 1):
 PSYoungGen      total 23040K, used 22880K [0x00000000d5580000, 0x00000000d7080000, 0x0000000100000000)
  eden space 20480K, 99% used [0x00000000d5580000,0x00000000d697cf98,0x00000000d6980000)
  from space 2560K, 94% used [0x00000000d6980000,0x00000000d6bdb400,0x00000000d6c00000)
  to   space 3584K, 0% used [0x00000000d6d00000,0x00000000d6d00000,0x00000000d7080000)
 ParOldGen       total 68608K, used 18009K [0x0000000080000000, 0x0000000084300000, 0x00000000d5580000)
  object space 68608K, 26% used [0x0000000080000000,0x0000000081196668,0x0000000084300000)
 Metaspace       used 25678K, committed 26496K, reserved 1114112K
  class space    used 2548K, committed 2880K, reserved 1048576K
}
Event: 18.529 GC heap after
{Heap after GC invocations=11 (full 1):
 PSYoungGen      total 21504K, used 1016K [0x00000000d5580000, 0x00000000d6e00000, 0x0000000100000000)
  eden space 20480K, 0% used [0x00000000d5580000,0x00000000d5580000,0x00000000d6980000)
  from space 1024K, 99% used [0x00000000d6d00000,0x00000000d6dfe360,0x00000000d6e00000)
  to   space 2048K, 0% used [0x00000000d6a00000,0x00000000d6a00000,0x00000000d6c00000)
 ParOldGen       total 68608K, used 18017K [0x0000000080000000, 0x0000000084300000, 0x00000000d5580000)
  object space 68608K, 26% used [0x0000000080000000,0x0000000081198668,0x0000000084300000)
 Metaspace       used 25678K, committed 26496K, reserved 1114112K
  class space    used 2548K, committed 2880K, reserved 1048576K
}
Event: 18.636 GC heap before
{Heap before GC invocations=12 (full 1):
 PSYoungGen      total 21504K, used 21496K [0x00000000d5580000, 0x00000000d6e00000, 0x0000000100000000)
  eden space 20480K, 100% used [0x00000000d5580000,0x00000000d6980000,0x00000000d6980000)
  from space 1024K, 99% used [0x00000000d6d00000,0x00000000d6dfe360,0x00000000d6e00000)
  to   space 2048K, 0% used [0x00000000d6a00000,0x00000000d6a00000,0x00000000d6c00000)
 ParOldGen       total 68608K, used 18017K [0x0000000080000000, 0x0000000084300000, 0x00000000d5580000)
  object space 68608K, 26% used [0x0000000080000000,0x0000000081198668,0x0000000084300000)
 Metaspace       used 27000K, committed 27840K, reserved 1114112K
  class space    used 2627K, committed 3008K, reserved 1048576K
}
Event: 18.637 GC heap after
{Heap after GC invocations=12 (full 1):
 PSYoungGen      total 22528K, used 1275K [0x00000000d5580000, 0x00000000d6d80000, 0x0000000100000000)
  eden space 20480K, 0% used [0x00000000d5580000,0x00000000d5580000,0x00000000d6980000)
  from space 2048K, 62% used [0x00000000d6a00000,0x00000000d6b3eda0,0x00000000d6c00000)
  to   space 1536K, 0% used [0x00000000d6c00000,0x00000000d6c00000,0x00000000d6d80000)
 ParOldGen       total 68608K, used 19635K [0x0000000080000000, 0x0000000084300000, 0x00000000d5580000)
  object space 68608K, 28% used [0x0000000080000000,0x000000008132cda8,0x0000000084300000)
 Metaspace       used 27000K, committed 27840K, reserved 1114112K
  class space    used 2627K, committed 3008K, reserved 1048576K
}
Event: 18.932 GC heap before
{Heap before GC invocations=13 (full 1):
 PSYoungGen      total 22528K, used 21755K [0x00000000d5580000, 0x00000000d6d80000, 0x0000000100000000)
  eden space 20480K, 100% used [0x00000000d5580000,0x00000000d6980000,0x00000000d6980000)
  from space 2048K, 62% used [0x00000000d6a00000,0x00000000d6b3eda0,0x00000000d6c00000)
  to   space 1536K, 0% used [0x00000000d6c00000,0x00000000d6c00000,0x00000000d6d80000)
 ParOldGen       total 68608K, used 19635K [0x0000000080000000, 0x0000000084300000, 0x00000000d5580000)
  object space 68608K, 28% used [0x0000000080000000,0x000000008132cda8,0x0000000084300000)
 Metaspace       used 29897K, committed 30848K, reserved 1114112K
  class space    used 2925K, committed 3328K, reserved 1048576K
}
Event: 18.934 GC heap after
{Heap after GC invocations=13 (full 1):
 PSYoungGen      total 21504K, used 1508K [0x00000000d5580000, 0x00000000d6f80000, 0x0000000100000000)
  eden space 19968K, 0% used [0x00000000d5580000,0x00000000d5580000,0x00000000d6900000)
  from space 1536K, 98% used [0x00000000d6c00000,0x00000000d6d791b8,0x00000000d6d80000)
  to   space 3072K, 0% used [0x00000000d6900000,0x00000000d6900000,0x00000000d6c00000)
 ParOldGen       total 68608K, used 20706K [0x0000000080000000, 0x0000000084300000, 0x00000000d5580000)
  object space 68608K, 30% used [0x0000000080000000,0x0000000081438ae8,0x0000000084300000)
 Metaspace       used 29897K, committed 30848K, reserved 1114112K
  class space    used 2925K, committed 3328K, reserved 1048576K
}
Event: 19.068 GC heap before
{Heap before GC invocations=14 (full 1):
 PSYoungGen      total 21504K, used 21475K [0x00000000d5580000, 0x00000000d6f80000, 0x0000000100000000)
  eden space 19968K, 99% used [0x00000000d5580000,0x00000000d68ffd38,0x00000000d6900000)
  from space 1536K, 98% used [0x00000000d6c00000,0x00000000d6d791b8,0x00000000d6d80000)
  to   space 3072K, 0% used [0x00000000d6900000,0x00000000d6900000,0x00000000d6c00000)
 ParOldGen       total 68608K, used 20706K [0x0000000080000000, 0x0000000084300000, 0x00000000d5580000)
  object space 68608K, 30% used [0x0000000080000000,0x0000000081438ae8,0x0000000084300000)
 Metaspace       used 32197K, committed 33152K, reserved 1114112K
  class space    used 3204K, committed 3584K, reserved 1048576K
}
Event: 19.070 GC heap after
{Heap after GC invocations=14 (full 1):
 PSYoungGen      total 21504K, used 1470K [0x00000000d5580000, 0x00000000d6d00000, 0x0000000100000000)
  eden space 19968K, 0% used [0x00000000d5580000,0x00000000d5580000,0x00000000d6900000)
  from space 1536K, 95% used [0x00000000d6900000,0x00000000d6a6f8d8,0x00000000d6a80000)
  to   space 2048K, 0% used [0x00000000d6b00000,0x00000000d6b00000,0x00000000d6d00000)
 ParOldGen       total 68608K, used 22035K [0x0000000080000000, 0x0000000084300000, 0x00000000d5580000)
  object space 68608K, 32% used [0x0000000080000000,0x0000000081584fd0,0x0000000084300000)
 Metaspace       used 32197K, committed 33152K, reserved 1114112K
  class space    used 3204K, committed 3584K, reserved 1048576K
}
Event: 19.228 GC heap before
{Heap before GC invocations=15 (full 1):
 PSYoungGen      total 21504K, used 21438K [0x00000000d5580000, 0x00000000d6d00000, 0x0000000100000000)
  eden space 19968K, 100% used [0x00000000d5580000,0x00000000d6900000,0x00000000d6900000)
  from space 1536K, 95% used [0x00000000d6900000,0x00000000d6a6f8d8,0x00000000d6a80000)
  to   space 2048K, 0% used [0x00000000d6b00000,0x00000000d6b00000,0x00000000d6d00000)
 ParOldGen       total 68608K, used 22035K [0x0000000080000000, 0x0000000084300000, 0x00000000d5580000)
  object space 68608K, 32% used [0x0000000080000000,0x0000000081584fd0,0x0000000084300000)
 Metaspace       used 34607K, committed 35776K, reserved 1114112K
  class space    used 3549K, committed 4032K, reserved 1048576K
}
Event: 19.229 GC heap after
{Heap after GC invocations=15 (full 1):
 PSYoungGen      total 20480K, used 2032K [0x00000000d5580000, 0x00000000d7000000, 0x0000000100000000)
  eden space 18432K, 0% used [0x00000000d5580000,0x00000000d5580000,0x00000000d6780000)
  from space 2048K, 99% used [0x00000000d6b00000,0x00000000d6cfc010,0x00000000d6d00000)
  to   space 3584K, 0% used [0x00000000d6780000,0x00000000d6780000,0x00000000d6b00000)
 ParOldGen       total 68608K, used 22917K [0x0000000080000000, 0x0000000084300000, 0x00000000d5580000)
  object space 68608K, 33% used [0x0000000080000000,0x0000000081661618,0x0000000084300000)
 Metaspace       used 34607K, committed 35776K, reserved 1114112K
  class space    used 3549K, committed 4032K, reserved 1048576K
}
Event: 19.244 GC heap before
{Heap before GC invocations=16 (full 1):
 PSYoungGen      total 20480K, used 3776K [0x00000000d5580000, 0x00000000d7000000, 0x0000000100000000)
  eden space 18432K, 9% used [0x00000000d5580000,0x00000000d57340a8,0x00000000d6780000)
  from space 2048K, 99% used [0x00000000d6b00000,0x00000000d6cfc010,0x00000000d6d00000)
  to   space 3584K, 0% used [0x00000000d6780000,0x00000000d6780000,0x00000000d6b00000)
 ParOldGen       total 68608K, used 22917K [0x0000000080000000, 0x0000000084300000, 0x00000000d5580000)
  object space 68608K, 33% used [0x0000000080000000,0x0000000081661618,0x0000000084300000)
 Metaspace       used 34796K, committed 35840K, reserved 1114112K
  class space    used 3577K, committed 4032K, reserved 1048576K
}
Event: 19.245 GC heap after
{Heap after GC invocations=16 (full 1):
 PSYoungGen      total 18944K, used 475K [0x00000000d5580000, 0x00000000d6c00000, 0x0000000100000000)
  eden space 18432K, 0% used [0x00000000d5580000,0x00000000d5580000,0x00000000d6780000)
  from space 512K, 92% used [0x00000000d6780000,0x00000000d67f6c38,0x00000000d6800000)
  to   space 1536K, 0% used [0x00000000d6a80000,0x00000000d6a80000,0x00000000d6c00000)
 ParOldGen       total 68608K, used 24739K [0x0000000080000000, 0x0000000084300000, 0x00000000d5580000)
  object space 68608K, 36% used [0x0000000080000000,0x0000000081828f38,0x0000000084300000)
 Metaspace       used 34796K, committed 35840K, reserved 1114112K
  class space    used 3577K, committed 4032K, reserved 1048576K
}
Event: 19.245 GC heap before
{Heap before GC invocations=17 (full 2):
 PSYoungGen      total 18944K, used 475K [0x00000000d5580000, 0x00000000d6c00000, 0x0000000100000000)
  eden space 18432K, 0% used [0x00000000d5580000,0x00000000d5580000,0x00000000d6780000)
  from space 512K, 92% used [0x00000000d6780000,0x00000000d67f6c38,0x00000000d6800000)
  to   space 1536K, 0% used [0x00000000d6a80000,0x00000000d6a80000,0x00000000d6c00000)
 ParOldGen       total 68608K, used 24739K [0x0000000080000000, 0x0000000084300000, 0x00000000d5580000)
  object space 68608K, 36% used [0x0000000080000000,0x0000000081828f38,0x0000000084300000)
 Metaspace       used 34796K, committed 35840K, reserved 1114112K
  class space    used 3577K, committed 4032K, reserved 1048576K
}
Event: 19.265 GC heap after
{Heap after GC invocations=17 (full 2):
 PSYoungGen      total 18944K, used 0K [0x00000000d5580000, 0x00000000d6c00000, 0x0000000100000000)
  eden space 18432K, 0% used [0x00000000d5580000,0x00000000d5580000,0x00000000d6780000)
  from space 512K, 0% used [0x00000000d6780000,0x00000000d6780000,0x00000000d6800000)
  to   space 1536K, 0% used [0x00000000d6a80000,0x00000000d6a80000,0x00000000d6c00000)
 ParOldGen       total 68608K, used 24015K [0x0000000080000000, 0x0000000084300000, 0x00000000d5580000)
  object space 68608K, 35% used [0x0000000080000000,0x0000000081773d70,0x0000000084300000)
 Metaspace       used 34796K, committed 35840K, reserved 1114112K
  class space    used 3577K, committed 4032K, reserved 1048576K
}

