# JRE version: Java(TM) SE Runtime Environment (21.0.6+8) (build 21.0.6+8-LTS-188)
# Java VM: Java HotSpot(TM) 64-Bit Server VM (21.0.6+8-LTS-188, mixed mode, sharing, tiered, compressed oops, compressed class ptrs, g1 gc, windows-amd64)
GC Precious Log:
 CardTable entry size: 512
 Card Set container configuration: InlinePtr #cards 5 size 8 Array Of Cards #cards 12 size 40 Howl #buckets 4 coarsen threshold 1843 Howl Bitmap #cards 512 size 80 coarsen threshold 460 Card regions per heap region 1 cards per card region 2048
 CPUs: 20 total, 20 available
 Memory: 16002M
 Large Page Support: Disabled
 NUMA Support: Disabled
 Compressed Oops: Enabled (32-bit)
 Heap Region Size: 1M
 Heap Min Capacity: 8M
 Heap Initial Capacity: 252M
 Heap Max Capacity: 2G
 Pre-touch: Disabled
 Parallel Workers: 15
 Concurrent Workers: 4
 Concurrent Refinement Workers: 15
 Periodic GC: Disabled
Heap:
 garbage-first heap   total 232448K, used 198955K [0x0000000080000000, 0x0000000100000000)
  region size 1024K, 68 young (69632K), 5 survivors (5120K)
 Metaspace       used 111616K, committed 114176K, reserved 770048K
  class space    used 15434K, committed 16704K, reserved 638976K
GC Heap History (20 events):
Event: 41.840 GC heap before
{Heap before GC invocations=32 (full 0):
 garbage-first heap   total 158720K, used 143175K [0x0000000080000000, 0x0000000100000000)
  region size 1024K, 54 young (55296K), 4 survivors (4096K)
 Metaspace       used 83641K, committed 85824K, reserved 770048K
  class space    used 11633K, committed 12736K, reserved 638976K
}
Event: 41.846 GC heap after
{Heap after GC invocations=33 (full 0):
 garbage-first heap   total 158720K, used 93486K [0x0000000080000000, 0x0000000100000000)
  region size 1024K, 6 young (6144K), 6 survivors (6144K)
 Metaspace       used 83641K, committed 85824K, reserved 770048K
  class space    used 11633K, committed 12736K, reserved 638976K
}
Event: 42.090 GC heap before
{Heap before GC invocations=33 (full 0):
 garbage-first heap   total 158720K, used 102702K [0x0000000080000000, 0x0000000100000000)
  region size 1024K, 16 young (16384K), 6 survivors (6144K)
 Metaspace       used 84443K, committed 86720K, reserved 770048K
  class space    used 11726K, committed 12864K, reserved 638976K
}
Event: 42.097 GC heap after
{Heap after GC invocations=34 (full 0):
 garbage-first heap   total 158720K, used 94862K [0x0000000080000000, 0x0000000100000000)
  region size 1024K, 2 young (2048K), 2 survivors (2048K)
 Metaspace       used 84443K, committed 86720K, reserved 770048K
  class space    used 11726K, committed 12864K, reserved 638976K
}
Event: 43.614 GC heap before
{Heap before GC invocations=35 (full 0):
 garbage-first heap   total 163840K, used 153230K [0x0000000080000000, 0x0000000100000000)
  region size 1024K, 49 young (50176K), 2 survivors (2048K)
 Metaspace       used 86083K, committed 88384K, reserved 770048K
  class space    used 11894K, committed 13056K, reserved 638976K
}
Event: 43.621 GC heap after
{Heap after GC invocations=36 (full 0):
 garbage-first heap   total 167936K, used 116099K [0x0000000080000000, 0x0000000100000000)
  region size 1024K, 7 young (7168K), 7 survivors (7168K)
 Metaspace       used 86083K, committed 88384K, reserved 770048K
  class space    used 11894K, committed 13056K, reserved 638976K
}
Event: 44.437 GC heap before
{Heap before GC invocations=36 (full 0):
 garbage-first heap   total 167936K, used 149891K [0x0000000080000000, 0x0000000100000000)
  region size 1024K, 41 young (41984K), 7 survivors (7168K)
 Metaspace       used 89297K, committed 91520K, reserved 770048K
  class space    used 12255K, committed 13376K, reserved 638976K
}
Event: 44.445 GC heap after
{Heap after GC invocations=37 (full 0):
 garbage-first heap   total 201728K, used 116807K [0x0000000080000000, 0x0000000100000000)
  region size 1024K, 2 young (2048K), 2 survivors (2048K)
 Metaspace       used 89297K, committed 91520K, reserved 770048K
  class space    used 12255K, committed 13376K, reserved 638976K
}
Event: 45.545 GC heap before
{Heap before GC invocations=37 (full 0):
 garbage-first heap   total 201728K, used 178247K [0x0000000080000000, 0x0000000100000000)
  region size 1024K, 57 young (58368K), 2 survivors (2048K)
 Metaspace       used 92377K, committed 94656K, reserved 770048K
  class space    used 12652K, committed 13760K, reserved 638976K
}
Event: 45.551 GC heap after
{Heap after GC invocations=38 (full 0):
 garbage-first heap   total 201728K, used 123132K [0x0000000080000000, 0x0000000100000000)
  region size 1024K, 7 young (7168K), 7 survivors (7168K)
 Metaspace       used 92377K, committed 94656K, reserved 770048K
  class space    used 12652K, committed 13760K, reserved 638976K
}
Event: 47.091 GC heap before
{Heap before GC invocations=38 (full 0):
 garbage-first heap   total 201728K, used 177404K [0x0000000080000000, 0x0000000100000000)
  region size 1024K, 60 young (61440K), 7 survivors (7168K)
 Metaspace       used 96498K, committed 98816K, reserved 770048K
  class space    used 13182K, committed 14336K, reserved 638976K
}
Event: 47.096 GC heap after
{Heap after GC invocations=39 (full 0):
 garbage-first heap   total 201728K, used 125422K [0x0000000080000000, 0x0000000100000000)
  region size 1024K, 3 young (3072K), 3 survivors (3072K)
 Metaspace       used 96498K, committed 98816K, reserved 770048K
  class space    used 13182K, committed 14336K, reserved 638976K
}
Event: 48.532 GC heap before
{Heap before GC invocations=39 (full 0):
 garbage-first heap   total 201728K, used 180718K [0x0000000080000000, 0x0000000100000000)
  region size 1024K, 57 young (58368K), 3 survivors (3072K)
 Metaspace       used 99614K, committed 102080K, reserved 770048K
  class space    used 13621K, committed 14848K, reserved 638976K
}
Event: 48.538 GC heap after
{Heap after GC invocations=40 (full 0):
 garbage-first heap   total 201728K, used 129011K [0x0000000080000000, 0x0000000100000000)
  region size 1024K, 6 young (6144K), 6 survivors (6144K)
 Metaspace       used 99614K, committed 102080K, reserved 770048K
  class space    used 13621K, committed 14848K, reserved 638976K
}
Event: 49.584 GC heap before
{Heap before GC invocations=41 (full 0):
 garbage-first heap   total 225280K, used 184307K [0x0000000080000000, 0x0000000100000000)
  region size 1024K, 60 young (61440K), 6 survivors (6144K)
 Metaspace       used 100317K, committed 102784K, reserved 770048K
  class space    used 13725K, committed 14976K, reserved 638976K
}
Event: 49.592 GC heap after
{Heap after GC invocations=42 (full 0):
 garbage-first heap   total 225280K, used 133567K [0x0000000080000000, 0x0000000100000000)
  region size 1024K, 8 young (8192K), 8 survivors (8192K)
 Metaspace       used 100317K, committed 102784K, reserved 770048K
  class space    used 13725K, committed 14976K, reserved 638976K
}
Event: 51.637 GC heap before
{Heap before GC invocations=42 (full 0):
 garbage-first heap   total 225280K, used 202175K [0x0000000080000000, 0x0000000100000000)
  region size 1024K, 74 young (75776K), 8 survivors (8192K)
 Metaspace       used 105197K, committed 107712K, reserved 770048K
  class space    used 14481K, committed 15744K, reserved 638976K
}
Event: 51.644 GC heap after
{Heap after GC invocations=43 (full 0):
 garbage-first heap   total 225280K, used 132564K [0x0000000080000000, 0x0000000100000000)
  region size 1024K, 8 young (8192K), 8 survivors (8192K)
 Metaspace       used 105197K, committed 107712K, reserved 770048K
  class space    used 14481K, committed 15744K, reserved 638976K
}
Event: 53.288 GC heap before
{Heap before GC invocations=43 (full 0):
 garbage-first heap   total 225280K, used 203220K [0x0000000080000000, 0x0000000100000000)
  region size 1024K, 77 young (78848K), 8 survivors (8192K)
 Metaspace       used 109707K, committed 112256K, reserved 770048K
  class space    used 15134K, committed 16384K, reserved 638976K
}
Event: 53.295 GC heap after
{Heap after GC invocations=44 (full 0):
 garbage-first heap   total 225280K, used 135467K [0x0000000080000000, 0x0000000100000000)
  region size 1024K, 5 young (5120K), 5 survivors (5120K)
 Metaspace       used 109707K, committed 112256K, reserved 770048K
  class space    used 15134K, committed 16384K, reserved 638976K
}

