# JRE version: OpenJDK Runtime Environment Temurin-21.0.10+7 (21.0.10+7) (build 21.0.10+7-LTS)
# Java VM: OpenJDK 64-Bit Server VM Temurin-21.0.10+7 (21.0.10+7-LTS, mixed mode, sharing, tiered, compressed oops, compressed class ptrs, parallel gc, windows-amd64)
GC Precious Log:
 CardTable entry size: 512
 CPUs: 20 total, 20 available
 Memory: 16002M
 Large Page Support: Disabled
 NUMA Support: Disabled
 Compressed Oops: Enabled (32-bit)
 Alignments: Space 512K, Generation 512K, Heap 2M
 Heap Min Capacity: 100M
 Heap Initial Capacity: 100M
 Heap Max Capacity: 2G
 Pre-touch: Disabled
 Parallel Workers: 15
Heap:
 PSYoungGen      total 2560K, used 1530K [0x00000000d5580000, 0x00000000d5900000, 0x0000000100000000)
  eden space 1536K, 44% used [0x00000000d5580000,0x00000000d562ade0,0x00000000d5700000)
  from space 1024K, 82% used [0x00000000d5700000,0x00000000d57d3ba0,0x00000000d5800000)
  to   space 1024K, 0% used [0x00000000d5800000,0x00000000d5800000,0x00000000d5900000)
 ParOldGen       total 110592K, used 99629K [0x0000000080000000, 0x0000000086c00000, 0x00000000d5580000)
  object space 110592K, 90% used [0x0000000080000000,0x000000008614b528,0x0000000086c00000)
 Metaspace       used 93964K, committed 95744K, reserved 1179648K
  class space    used 11059K, committed 12032K, reserved 1048576K
GC Heap History (20 events):
Event: 31161.790 GC heap before
{Heap before GC invocations=991 (full 6):
 PSYoungGen      total 2560K, used 2112K [0x00000000d5580000, 0x00000000d5900000, 0x0000000100000000)
  eden space 1536K, 100% used [0x00000000d5580000,0x00000000d5700000,0x00000000d5700000)
  from space 1024K, 56% used [0x00000000d5800000,0x00000000d5890000,0x00000000d5900000)
  to   space 1024K, 0% used [0x00000000d5700000,0x00000000d5700000,0x00000000d5800000)
 ParOldGen       total 110592K, used 94530K [0x0000000080000000, 0x0000000086c00000, 0x00000000d5580000)
  object space 110592K, 85% used [0x0000000080000000,0x0000000085c50ab8,0x0000000086c00000)
 Metaspace       used 93939K, committed 95744K, reserved 1179648K
  class space    used 11057K, committed 12032K, reserved 1048576K
}
Event: 31161.791 GC heap after
{Heap after GC invocations=991 (full 6):
 PSYoungGen      total 2560K, used 544K [0x00000000d5580000, 0x00000000d5900000, 0x0000000100000000)
  eden space 1536K, 0% used [0x00000000d5580000,0x00000000d5580000,0x00000000d5700000)
  from space 1024K, 53% used [0x00000000d5700000,0x00000000d5788000,0x00000000d5800000)
  to   space 1024K, 0% used [0x00000000d5800000,0x00000000d5800000,0x00000000d5900000)
 ParOldGen       total 110592K, used 95034K [0x0000000080000000, 0x0000000086c00000, 0x00000000d5580000)
  object space 110592K, 85% used [0x0000000080000000,0x0000000085cceac8,0x0000000086c00000)
 Metaspace       used 93939K, committed 95744K, reserved 1179648K
  class space    used 11057K, committed 12032K, reserved 1048576K
}
Event: 31161.797 GC heap before
{Heap before GC invocations=992 (full 6):
 PSYoungGen      total 2560K, used 2080K [0x00000000d5580000, 0x00000000d5900000, 0x0000000100000000)
  eden space 1536K, 100% used [0x00000000d5580000,0x00000000d5700000,0x00000000d5700000)
  from space 1024K, 53% used [0x00000000d5700000,0x00000000d5788000,0x00000000d5800000)
  to   space 1024K, 0% used [0x00000000d5800000,0x00000000d5800000,0x00000000d5900000)
 ParOldGen       total 110592K, used 95034K [0x0000000080000000, 0x0000000086c00000, 0x00000000d5580000)
  object space 110592K, 85% used [0x0000000080000000,0x0000000085cceac8,0x0000000086c00000)
 Metaspace       used 93939K, committed 95744K, reserved 1179648K
  class space    used 11057K, committed 12032K, reserved 1048576K
}
Event: 31161.798 GC heap after
{Heap after GC invocations=992 (full 6):
 PSYoungGen      total 2048K, used 480K [0x00000000d5580000, 0x00000000d5880000, 0x0000000100000000)
  eden space 1536K, 0% used [0x00000000d5580000,0x00000000d5580000,0x00000000d5700000)
  from space 512K, 93% used [0x00000000d5800000,0x00000000d5878000,0x00000000d5880000)
  to   space 512K, 0% used [0x00000000d5780000,0x00000000d5780000,0x00000000d5800000)
 ParOldGen       total 110592K, used 95365K [0x0000000080000000, 0x0000000086c00000, 0x00000000d5580000)
  object space 110592K, 86% used [0x0000000080000000,0x0000000085d21408,0x0000000086c00000)
 Metaspace       used 93939K, committed 95744K, reserved 1179648K
  class space    used 11057K, committed 12032K, reserved 1048576K
}
Event: 31161.802 GC heap before
{Heap before GC invocations=993 (full 6):
 PSYoungGen      total 2048K, used 2016K [0x00000000d5580000, 0x00000000d5880000, 0x0000000100000000)
  eden space 1536K, 100% used [0x00000000d5580000,0x00000000d5700000,0x00000000d5700000)
  from space 512K, 93% used [0x00000000d5800000,0x00000000d5878000,0x00000000d5880000)
  to   space 512K, 0% used [0x00000000d5780000,0x00000000d5780000,0x00000000d5800000)
 ParOldGen       total 110592K, used 95365K [0x0000000080000000, 0x0000000086c00000, 0x00000000d5580000)
  object space 110592K, 86% used [0x0000000080000000,0x0000000085d21408,0x0000000086c00000)
 Metaspace       used 93939K, committed 95744K, reserved 1179648K
  class space    used 11057K, committed 12032K, reserved 1048576K
}
Event: 31161.803 GC heap after
{Heap after GC invocations=993 (full 6):
 PSYoungGen      total 2048K, used 480K [0x00000000d5580000, 0x00000000d5880000, 0x0000000100000000)
  eden space 1536K, 0% used [0x00000000d5580000,0x00000000d5580000,0x00000000d5700000)
  from space 512K, 93% used [0x00000000d5780000,0x00000000d57f8000,0x00000000d5800000)
  to   space 512K, 0% used [0x00000000d5800000,0x00000000d5800000,0x00000000d5880000)
 ParOldGen       total 110592K, used 95673K [0x0000000080000000, 0x0000000086c00000, 0x00000000d5580000)
  object space 110592K, 86% used [0x0000000080000000,0x0000000085d6e418,0x0000000086c00000)
 Metaspace       used 93939K, committed 95744K, reserved 1179648K
  class space    used 11057K, committed 12032K, reserved 1048576K
}
Event: 31161.809 GC heap before
{Heap before GC invocations=994 (full 6):
 PSYoungGen      total 2048K, used 2016K [0x00000000d5580000, 0x00000000d5880000, 0x0000000100000000)
  eden space 1536K, 100% used [0x00000000d5580000,0x00000000d5700000,0x00000000d5700000)
  from space 512K, 93% used [0x00000000d5780000,0x00000000d57f8000,0x00000000d5800000)
  to   space 512K, 0% used [0x00000000d5800000,0x00000000d5800000,0x00000000d5880000)
 ParOldGen       total 110592K, used 95673K [0x0000000080000000, 0x0000000086c00000, 0x00000000d5580000)
  object space 110592K, 86% used [0x0000000080000000,0x0000000085d6e418,0x0000000086c00000)
 Metaspace       used 93939K, committed 95744K, reserved 1179648K
  class space    used 11057K, committed 12032K, reserved 1048576K
}
Event: 31161.810 GC heap after
{Heap after GC invocations=994 (full 6):
 PSYoungGen      total 2048K, used 512K [0x00000000d5580000, 0x00000000d5900000, 0x0000000100000000)
  eden space 1536K, 0% used [0x00000000d5580000,0x00000000d5580000,0x00000000d5700000)
  from space 512K, 100% used [0x00000000d5800000,0x00000000d5880000,0x00000000d5880000)
  to   space 1024K, 0% used [0x00000000d5700000,0x00000000d5700000,0x00000000d5800000)
 ParOldGen       total 110592K, used 96025K [0x0000000080000000, 0x0000000086c00000, 0x00000000d5580000)
  object space 110592K, 86% used [0x0000000080000000,0x0000000085dc6438,0x0000000086c00000)
 Metaspace       used 93939K, committed 95744K, reserved 1179648K
  class space    used 11057K, committed 12032K, reserved 1048576K
}
Event: 31161.813 GC heap before
{Heap before GC invocations=995 (full 6):
 PSYoungGen      total 2048K, used 2047K [0x00000000d5580000, 0x00000000d5900000, 0x0000000100000000)
  eden space 1536K, 99% used [0x00000000d5580000,0x00000000d56ffff8,0x00000000d5700000)
  from space 512K, 100% used [0x00000000d5800000,0x00000000d5880000,0x00000000d5880000)
  to   space 1024K, 0% used [0x00000000d5700000,0x00000000d5700000,0x00000000d5800000)
 ParOldGen       total 110592K, used 96025K [0x0000000080000000, 0x0000000086c00000, 0x00000000d5580000)
  object space 110592K, 86% used [0x0000000080000000,0x0000000085dc6438,0x0000000086c00000)
 Metaspace       used 93940K, committed 95744K, reserved 1179648K
  class space    used 11057K, committed 12032K, reserved 1048576K
}
Event: 31161.814 GC heap after
{Heap after GC invocations=995 (full 6):
 PSYoungGen      total 2560K, used 768K [0x00000000d5580000, 0x00000000d5900000, 0x0000000100000000)
  eden space 1536K, 0% used [0x00000000d5580000,0x00000000d5580000,0x00000000d5700000)
  from space 1024K, 75% used [0x00000000d5700000,0x00000000d57c0000,0x00000000d5800000)
  to   space 512K, 0% used [0x00000000d5800000,0x00000000d5800000,0x00000000d5880000)
 ParOldGen       total 110592K, used 96445K [0x0000000080000000, 0x0000000086c00000, 0x00000000d5580000)
  object space 110592K, 87% used [0x0000000080000000,0x0000000085e2f698,0x0000000086c00000)
 Metaspace       used 93940K, committed 95744K, reserved 1179648K
  class space    used 11057K, committed 12032K, reserved 1048576K
}
Event: 31161.817 GC heap before
{Heap before GC invocations=996 (full 6):
 PSYoungGen      total 2560K, used 2303K [0x00000000d5580000, 0x00000000d5900000, 0x0000000100000000)
  eden space 1536K, 99% used [0x00000000d5580000,0x00000000d56ffc58,0x00000000d5700000)
  from space 1024K, 75% used [0x00000000d5700000,0x00000000d57c0000,0x00000000d5800000)
  to   space 512K, 0% used [0x00000000d5800000,0x00000000d5800000,0x00000000d5880000)
 ParOldGen       total 110592K, used 96445K [0x0000000080000000, 0x0000000086c00000, 0x00000000d5580000)
  object space 110592K, 87% used [0x0000000080000000,0x0000000085e2f698,0x0000000086c00000)
 Metaspace       used 93942K, committed 95744K, reserved 1179648K
  class space    used 11058K, committed 12032K, reserved 1048576K
}
Event: 31161.818 GC heap after
{Heap after GC invocations=996 (full 6):
 PSYoungGen      total 2048K, used 512K [0x00000000d5580000, 0x00000000d5900000, 0x0000000100000000)
  eden space 1536K, 0% used [0x00000000d5580000,0x00000000d5580000,0x00000000d5700000)
  from space 512K, 100% used [0x00000000d5800000,0x00000000d5880000,0x00000000d5880000)
  to   space 1024K, 0% used [0x00000000d5700000,0x00000000d5700000,0x00000000d5800000)
 ParOldGen       total 110592K, used 97053K [0x0000000080000000, 0x0000000086c00000, 0x00000000d5580000)
  object space 110592K, 87% used [0x0000000080000000,0x0000000085ec76a8,0x0000000086c00000)
 Metaspace       used 93942K, committed 95744K, reserved 1179648K
  class space    used 11058K, committed 12032K, reserved 1048576K
}
Event: 31161.823 GC heap before
{Heap before GC invocations=997 (full 6):
 PSYoungGen      total 2048K, used 2047K [0x00000000d5580000, 0x00000000d5900000, 0x0000000100000000)
  eden space 1536K, 99% used [0x00000000d5580000,0x00000000d56ffff0,0x00000000d5700000)
  from space 512K, 100% used [0x00000000d5800000,0x00000000d5880000,0x00000000d5880000)
  to   space 1024K, 0% used [0x00000000d5700000,0x00000000d5700000,0x00000000d5800000)
 ParOldGen       total 110592K, used 97053K [0x0000000080000000, 0x0000000086c00000, 0x00000000d5580000)
  object space 110592K, 87% used [0x0000000080000000,0x0000000085ec76a8,0x0000000086c00000)
 Metaspace       used 93944K, committed 95744K, reserved 1179648K
  class space    used 11058K, committed 12032K, reserved 1048576K
}
Event: 31161.824 GC heap after
{Heap after GC invocations=997 (full 6):
 PSYoungGen      total 2560K, used 640K [0x00000000d5580000, 0x00000000d5900000, 0x0000000100000000)
  eden space 1536K, 0% used [0x00000000d5580000,0x00000000d5580000,0x00000000d5700000)
  from space 1024K, 62% used [0x00000000d5700000,0x00000000d57a0000,0x00000000d5800000)
  to   space 512K, 0% used [0x00000000d5800000,0x00000000d5800000,0x00000000d5880000)
 ParOldGen       total 110592K, used 97476K [0x0000000080000000, 0x0000000086c00000, 0x00000000d5580000)
  object space 110592K, 88% used [0x0000000080000000,0x0000000085f31108,0x0000000086c00000)
 Metaspace       used 93944K, committed 95744K, reserved 1179648K
  class space    used 11058K, committed 12032K, reserved 1048576K
}
Event: 31161.829 GC heap before
{Heap before GC invocations=998 (full 6):
 PSYoungGen      total 2560K, used 2176K [0x00000000d5580000, 0x00000000d5900000, 0x0000000100000000)
  eden space 1536K, 100% used [0x00000000d5580000,0x00000000d5700000,0x00000000d5700000)
  from space 1024K, 62% used [0x00000000d5700000,0x00000000d57a0000,0x00000000d5800000)
  to   space 512K, 0% used [0x00000000d5800000,0x00000000d5800000,0x00000000d5880000)
 ParOldGen       total 110592K, used 97476K [0x0000000080000000, 0x0000000086c00000, 0x00000000d5580000)
  object space 110592K, 88% used [0x0000000080000000,0x0000000085f31108,0x0000000086c00000)
 Metaspace       used 93945K, committed 95744K, reserved 1179648K
  class space    used 11059K, committed 12032K, reserved 1048576K
}
Event: 31161.830 GC heap after
{Heap after GC invocations=998 (full 6):
 PSYoungGen      total 2048K, used 512K [0x00000000d5580000, 0x00000000d5900000, 0x0000000100000000)
  eden space 1536K, 0% used [0x00000000d5580000,0x00000000d5580000,0x00000000d5700000)
  from space 512K, 100% used [0x00000000d5800000,0x00000000d5880000,0x00000000d5880000)
  to   space 1024K, 0% used [0x00000000d5700000,0x00000000d5700000,0x00000000d5800000)
 ParOldGen       total 110592K, used 97836K [0x0000000080000000, 0x0000000086c00000, 0x00000000d5580000)
  object space 110592K, 88% used [0x0000000080000000,0x0000000085f8b128,0x0000000086c00000)
 Metaspace       used 93945K, committed 95744K, reserved 1179648K
  class space    used 11059K, committed 12032K, reserved 1048576K
}
Event: 31161.835 GC heap before
{Heap before GC invocations=999 (full 6):
 PSYoungGen      total 2048K, used 2047K [0x00000000d5580000, 0x00000000d5900000, 0x0000000100000000)
  eden space 1536K, 99% used [0x00000000d5580000,0x00000000d56ffff0,0x00000000d5700000)
  from space 512K, 100% used [0x00000000d5800000,0x00000000d5880000,0x00000000d5880000)
  to   space 1024K, 0% used [0x00000000d5700000,0x00000000d5700000,0x00000000d5800000)
 ParOldGen       total 110592K, used 97836K [0x0000000080000000, 0x0000000086c00000, 0x00000000d5580000)
  object space 110592K, 88% used [0x0000000080000000,0x0000000085f8b128,0x0000000086c00000)
 Metaspace       used 93945K, committed 95744K, reserved 1179648K
  class space    used 11059K, committed 12032K, reserved 1048576K
}
Event: 31161.836 GC heap after
{Heap after GC invocations=999 (full 6):
 PSYoungGen      total 2560K, used 640K [0x00000000d5580000, 0x00000000d5900000, 0x0000000100000000)
  eden space 1536K, 0% used [0x00000000d5580000,0x00000000d5580000,0x00000000d5700000)
  from space 1024K, 62% used [0x00000000d5700000,0x00000000d57a0000,0x00000000d5800000)
  to   space 1024K, 0% used [0x00000000d5800000,0x00000000d5800000,0x00000000d5900000)
 ParOldGen       total 110592K, used 98200K [0x0000000080000000, 0x0000000086c00000, 0x00000000d5580000)
  object space 110592K, 88% used [0x0000000080000000,0x0000000085fe6358,0x0000000086c00000)
 Metaspace       used 93945K, committed 95744K, reserved 1179648K
  class space    used 11059K, committed 12032K, reserved 1048576K
}
Event: 31161.853 GC heap before
{Heap before GC invocations=1000 (full 6):
 PSYoungGen      total 2560K, used 2175K [0x00000000d5580000, 0x00000000d5900000, 0x0000000100000000)
  eden space 1536K, 99% used [0x00000000d5580000,0x00000000d56ffff0,0x00000000d5700000)
  from space 1024K, 62% used [0x00000000d5700000,0x00000000d57a0000,0x00000000d5800000)
  to   space 1024K, 0% used [0x00000000d5800000,0x00000000d5800000,0x00000000d5900000)
 ParOldGen       total 110592K, used 98200K [0x0000000080000000, 0x0000000086c00000, 0x00000000d5580000)
  object space 110592K, 88% used [0x0000000080000000,0x0000000085fe6358,0x0000000086c00000)
 Metaspace       used 93949K, committed 95744K, reserved 1179648K
  class space    used 11059K, committed 12032K, reserved 1048576K
}
Event: 31161.854 GC heap after
{Heap after GC invocations=1000 (full 6):
 PSYoungGen      total 2560K, used 576K [0x00000000d5580000, 0x00000000d5900000, 0x0000000100000000)
  eden space 1536K, 0% used [0x00000000d5580000,0x00000000d5580000,0x00000000d5700000)
  from space 1024K, 56% used [0x00000000d5800000,0x00000000d5890000,0x00000000d5900000)
  to   space 1024K, 0% used [0x00000000d5700000,0x00000000d5700000,0x00000000d5800000)
 ParOldGen       total 110592K, used 98552K [0x0000000080000000, 0x0000000086c00000, 0x00000000d5580000)
  object space 110592K, 89% used [0x0000000080000000,0x000000008603e1c8,0x0000000086c00000)
 Metaspace       used 93949K, committed 95744K, reserved 1179648K
  class space    used 11059K, committed 12032K, reserved 1048576K
}

