# JRE version: Java(TM) SE Runtime Environment (21.0.6+8) (build 21.0.6+8-LTS-188)
# Java VM: Java HotSpot(TM) 64-Bit Server VM (21.0.6+8-LTS-188, mixed mode, sharing, tiered, compressed oops, compressed class ptrs, g1 gc, windows-amd64)
GC Precious Log:
 CardTable entry size: 512
 Card Set container configuration: InlinePtr #cards 5 size 8 Array Of Cards #cards 12 size 40 Howl #buckets 4 coarsen threshold 1843 Howl Bitmap #cards 512 size 80 coarsen threshold 460 Card regions per heap region 1 cards per card region 2048
 CPUs: 20 total, 20 available
 Memory: 16002M
 Large Page Support: Disabled
 NUMA Support: Disabled
 Compressed Oops: Enabled (32-bit)
 Heap Region Size: 1M
 Heap Min Capacity: 8M
 Heap Initial Capacity: 252M
 Heap Max Capacity: 2G
 Pre-touch: Disabled
 Parallel Workers: 15
 Concurrent Workers: 4
 Concurrent Refinement Workers: 15
 Periodic GC: Disabled
Heap:
 garbage-first heap   total 109568K, used 57727K [0x0000000080000000, 0x0000000100000000)
  region size 1024K, 31 young (31744K), 4 survivors (4096K)
 Metaspace       used 36189K, committed 37312K, reserved 704512K
  class space    used 5022K, committed 5568K, reserved 638976K
GC Heap History (14 events):
Event: 0.882 GC heap before
{Heap before GC invocations=0 (full 0):
 garbage-first heap   total 258048K, used 23552K [0x0000000080000000, 0x0000000100000000)
  region size 1024K, 23 young (23552K), 0 survivors (0K)
 Metaspace       used 905K, committed 1024K, reserved 704512K
  class space    used 68K, committed 128K, reserved 638976K
}
Event: 0.888 GC heap after
{Heap after GC invocations=1 (full 0):
 garbage-first heap   total 258048K, used 1584K [0x0000000080000000, 0x0000000100000000)
  region size 1024K, 2 young (2048K), 2 survivors (2048K)
 Metaspace       used 905K, committed 1024K, reserved 704512K
  class space    used 68K, committed 128K, reserved 638976K
}
Event: 2.432 GC heap before
{Heap before GC invocations=1 (full 0):
 garbage-first heap   total 258048K, used 40496K [0x0000000080000000, 0x0000000100000000)
  region size 1024K, 38 young (38912K), 2 survivors (2048K)
 Metaspace       used 4443K, committed 4608K, reserved 704512K
  class space    used 542K, committed 640K, reserved 638976K
}
Event: 2.440 GC heap after
{Heap after GC invocations=2 (full 0):
 garbage-first heap   total 258048K, used 10868K [0x0000000080000000, 0x0000000100000000)
  region size 1024K, 5 young (5120K), 5 survivors (5120K)
 Metaspace       used 4443K, committed 4608K, reserved 704512K
  class space    used 542K, committed 640K, reserved 638976K
}
Event: 7.526 GC heap before
{Heap before GC invocations=2 (full 0):
 garbage-first heap   total 258048K, used 120436K [0x0000000080000000, 0x0000000100000000)
  region size 1024K, 110 young (112640K), 5 survivors (5120K)
 Metaspace       used 17117K, committed 17728K, reserved 704512K
  class space    used 2322K, committed 2624K, reserved 638976K
}
Event: 7.537 GC heap after
{Heap after GC invocations=3 (full 0):
 garbage-first heap   total 258048K, used 21718K [0x0000000080000000, 0x0000000100000000)
  region size 1024K, 14 young (14336K), 14 survivors (14336K)
 Metaspace       used 17117K, committed 17728K, reserved 704512K
  class space    used 2322K, committed 2624K, reserved 638976K
}
Event: 8.648 GC heap before
{Heap before GC invocations=3 (full 0):
 garbage-first heap   total 258048K, used 51414K [0x0000000080000000, 0x0000000100000000)
  region size 1024K, 44 young (45056K), 14 survivors (14336K)
 Metaspace       used 20794K, committed 21504K, reserved 704512K
  class space    used 2954K, committed 3328K, reserved 638976K
}
Event: 8.658 GC heap after
{Heap after GC invocations=4 (full 0):
 garbage-first heap   total 258048K, used 23901K [0x0000000080000000, 0x0000000100000000)
  region size 1024K, 12 young (12288K), 12 survivors (12288K)
 Metaspace       used 20794K, committed 21504K, reserved 704512K
  class space    used 2954K, committed 3328K, reserved 638976K
}
Event: 12.054 GC heap before
{Heap before GC invocations=5 (full 0):
 garbage-first heap   total 92160K, used 89437K [0x0000000080000000, 0x0000000100000000)
  region size 1024K, 77 young (78848K), 12 survivors (12288K)
 Metaspace       used 29063K, committed 30016K, reserved 704512K
  class space    used 4192K, committed 4672K, reserved 638976K
}
Event: 12.066 GC heap after
{Heap after GC invocations=6 (full 0):
 garbage-first heap   total 109568K, used 29530K [0x0000000080000000, 0x0000000100000000)
  region size 1024K, 8 young (8192K), 8 survivors (8192K)
 Metaspace       used 29063K, committed 30016K, reserved 704512K
  class space    used 4192K, committed 4672K, reserved 638976K
}
Event: 13.372 GC heap before
{Heap before GC invocations=6 (full 0):
 garbage-first heap   total 109568K, used 60250K [0x0000000080000000, 0x0000000100000000)
  region size 1024K, 39 young (39936K), 8 survivors (8192K)
 Metaspace       used 34897K, committed 35968K, reserved 704512K
  class space    used 4906K, committed 5440K, reserved 638976K
}
Event: 13.379 GC heap after
{Heap after GC invocations=7 (full 0):
 garbage-first heap   total 109568K, used 32489K [0x0000000080000000, 0x0000000100000000)
  region size 1024K, 4 young (4096K), 4 survivors (4096K)
 Metaspace       used 34897K, committed 35968K, reserved 704512K
  class space    used 4906K, committed 5440K, reserved 638976K
}
Event: 13.430 GC heap before
{Heap before GC invocations=7 (full 0):
 garbage-first heap   total 109568K, used 34537K [0x0000000080000000, 0x0000000100000000)
  region size 1024K, 7 young (7168K), 4 survivors (4096K)
 Metaspace       used 35268K, committed 36288K, reserved 704512K
  class space    used 4919K, committed 5440K, reserved 638976K
}
Event: 13.436 GC heap after
{Heap after GC invocations=8 (full 0):
 garbage-first heap   total 109568K, used 32127K [0x0000000080000000, 0x0000000100000000)
  region size 1024K, 4 young (4096K), 4 survivors (4096K)
 Metaspace       used 35268K, committed 36288K, reserved 704512K
  class space    used 4919K, committed 5440K, reserved 638976K
}

